<?xml version="1.0" encoding="UTF-8"?>
<!-- Generated by org.testng.reporters.JUnitReportReporter -->
<testsuite hostname="LAPTOP-7ON1HGJ6" failures="0" tests="41" name="testCases.LoginApp" time="12.359" errors="0" timestamp="2021-12-10T18:09:59 IST" skipped="40">
  <testcase classname="testCases.LoginApp" name="notification" time="12.359"/>
  <system-out/>
  <testcase classname="testCases.LoginApp" name="professions">
    <skipped/>
  </testcase> <!-- professions -->
  <system-out/>
  <testcase classname="testCases.LoginApp" name="industryCardShare">
    <skipped/>
  </testcase> <!-- industryCardShare -->
  <system-out/>
  <testcase classname="testCases.LoginApp" name="privacy">
    <skipped/>
  </testcase> <!-- privacy -->
  <system-out/>
  <testcase classname="testCases.LoginApp" name="favouriteTags">
    <skipped/>
  </testcase> <!-- favouriteTags -->
  <system-out/>
  <testcase classname="testCases.LoginApp" name="notificationSettings">
    <skipped/>
  </testcase> <!-- notificationSettings -->
  <system-out/>
  <testcase classname="testCases.LoginApp" name="companySearch">
    <skipped/>
  </testcase> <!-- companySearch -->
  <system-out/>
  <testcase classname="testCases.LoginApp" name="feedback">
    <skipped/>
  </testcase> <!-- feedback -->
  <system-out/>
  <testcase classname="testCases.LoginApp" name="cardRemove">
    <skipped/>
  </testcase> <!-- cardRemove -->
  <system-out/>
  <testcase classname="testCases.LoginApp" name="professionCardShare">
    <skipped/>
  </testcase> <!-- professionCardShare -->
  <system-out/>
  <testcase classname="testCases.LoginApp" name="referAndEarn">
    <skipped/>
  </testcase> <!-- referAndEarn -->
  <system-out/>
  <testcase classname="testCases.LoginApp" name="myPlans">
    <skipped/>
  </testcase> <!-- myPlans -->
  <system-out/>
  <testcase classname="testCases.LoginApp" name="tagUpdate">
    <skipped/>
  </testcase> <!-- tagUpdate -->
  <system-out/>
  <testcase classname="testCases.LoginApp" name="tagContact">
    <skipped/>
  </testcase> <!-- tagContact -->
  <system-out/>
  <testcase classname="testCases.LoginApp" name="shareCards">
    <skipped/>
  </testcase> <!-- shareCards -->
  <system-out/>
  <testcase classname="testCases.LoginApp" name="forgotPassword">
    <skipped/>
  </testcase> <!-- forgotPassword -->
  <system-out/>
  <testcase classname="testCases.LoginApp" name="logout">
    <skipped/>
  </testcase> <!-- logout -->
  <system-out/>
  <testcase classname="testCases.LoginApp" name="tagCardRemove">
    <skipped/>
  </testcase> <!-- tagCardRemove -->
  <system-out/>
  <testcase classname="testCases.LoginApp" name="companies">
    <skipped/>
  </testcase> <!-- companies -->
  <system-out/>
  <testcase classname="testCases.LoginApp" name="tagCardShare">
    <skipped/>
  </testcase> <!-- tagCardShare -->
  <system-out/>
  <testcase classname="testCases.LoginApp" name="contact">
    <skipped/>
  </testcase> <!-- contact -->
  <system-out/>
  <testcase classname="testCases.LoginApp" name="myCard">
    <skipped/>
  </testcase> <!-- myCard -->
  <system-out/>
  <testcase classname="testCases.LoginApp" name="logged">
    <skipped/>
  </testcase> <!-- logged -->
  <system-out/>
  <testcase classname="testCases.LoginApp" name="companyCardRemove">
    <skipped/>
  </testcase> <!-- companyCardRemove -->
  <system-out/>
  <testcase classname="testCases.LoginApp" name="setupNewCard">
    <skipped/>
  </testcase> <!-- setupNewCard -->
  <system-out/>
  <testcase classname="testCases.LoginApp" name="favouriteContactCard">
    <skipped/>
  </testcase> <!-- favouriteContactCard -->
  <system-out/>
  <testcase classname="testCases.LoginApp" name="tagContactTags">
    <skipped/>
  </testcase> <!-- tagContactTags -->
  <system-out/>
  <testcase classname="testCases.LoginApp" name="profile">
    <skipped/>
  </testcase> <!-- profile -->
  <system-out/>
  <testcase classname="testCases.LoginApp" name="professionCardRemove">
    <skipped/>
  </testcase> <!-- professionCardRemove -->
  <system-out/>
  <testcase classname="testCases.LoginApp" name="industryCardRemove">
    <skipped/>
  </testcase> <!-- industryCardRemove -->
  <system-out/>
  <testcase classname="testCases.LoginApp" name="tagDelete">
    <skipped/>
  </testcase> <!-- tagDelete -->
  <system-out/>
  <testcase classname="testCases.LoginApp" name="professionTags">
    <skipped/>
  </testcase> <!-- professionTags -->
  <system-out/>
  <testcase classname="testCases.LoginApp" name="globalSearch">
    <skipped/>
  </testcase> <!-- globalSearch -->
  <system-out/>
  <testcase classname="testCases.LoginApp" name="favouiteCardRemove">
    <skipped/>
  </testcase> <!-- favouiteCardRemove -->
  <system-out/>
  <testcase classname="testCases.LoginApp" name="industriesTags">
    <skipped/>
  </testcase> <!-- industriesTags -->
  <system-out/>
  <testcase classname="testCases.LoginApp" name="companiesTags">
    <skipped/>
  </testcase> <!-- companiesTags -->
  <system-out/>
  <testcase classname="testCases.LoginApp" name="companyCardShare">
    <skipped/>
  </testcase> <!-- companyCardShare -->
  <system-out/>
  <testcase classname="testCases.LoginApp" name="contactTags">
    <skipped/>
  </testcase> <!-- contactTags -->
  <system-out/>
  <testcase classname="testCases.LoginApp" name="industries">
    <skipped/>
  </testcase> <!-- industries -->
  <system-out/>
  <testcase classname="testCases.LoginApp" name="cardsShareToFavourite">
    <skipped/>
  </testcase> <!-- cardsShareToFavourite -->
  <system-out/>
  <testcase classname="testCases.LoginApp" name="viewDeleteCard">
    <skipped/>
  </testcase> <!-- viewDeleteCard -->
  <system-out/>
</testsuite> <!-- testCases.LoginApp -->
